CRITICAL - 2022-07-18 09:16:24 --> Invalid file: comp/header.php
in SYSTEMPATH\Exceptions\FrameworkException.php on line 33.
 1 SYSTEMPATH\View\View.php(201): CodeIgniter\Exceptions\FrameworkException::forInvalidFile('comp/header.php')
 2 SYSTEMPATH\Common.php(1135): CodeIgniter\View\View->render('comp/header', [], true)
 3 APPPATH\Controllers\Beranda.php(11): view('comp/header')
 4 SYSTEMPATH\CodeIgniter.php(896): App\Controllers\Beranda->index()
 5 SYSTEMPATH\CodeIgniter.php(466): CodeIgniter\CodeIgniter->runController(Object(App\Controllers\Beranda))
 6 SYSTEMPATH\CodeIgniter.php(349): CodeIgniter\CodeIgniter->handleRequest(null, Object(Config\Cache), false)
 7 FCPATH\index.php(55): CodeIgniter\CodeIgniter->run()
 8 SYSTEMPATH\Commands\Server\rewrite.php(43): require_once('FCPATH\\index.php')
CRITICAL - 2022-07-18 09:20:55 --> Invalid file: comp/header.php
in SYSTEMPATH\Exceptions\FrameworkException.php on line 33.
 1 SYSTEMPATH\View\View.php(201): CodeIgniter\Exceptions\FrameworkException::forInvalidFile('comp/header.php')
 2 SYSTEMPATH\Common.php(1135): CodeIgniter\View\View->render('comp/header', [], true)
 3 APPPATH\Controllers\Beranda.php(11): view('comp/header')
 4 SYSTEMPATH\CodeIgniter.php(896): App\Controllers\Beranda->index()
 5 SYSTEMPATH\CodeIgniter.php(466): CodeIgniter\CodeIgniter->runController(Object(App\Controllers\Beranda))
 6 SYSTEMPATH\CodeIgniter.php(349): CodeIgniter\CodeIgniter->handleRequest(null, Object(Config\Cache), false)
 7 FCPATH\index.php(55): CodeIgniter\CodeIgniter->run()
 8 SYSTEMPATH\Commands\Server\rewrite.php(43): require_once('FCPATH\\index.php')
